# JRE version: Java(TM) SE Runtime Environment (8.0_301-b09) (build 1.8.0_301-b09)
# Java VM: Java HotSpot(TM) 64-Bit Server VM (25.301-b09 mixed mode windows-amd64 compressed oops)
Heap:
 PSYoungGen      total 227328K, used 20052K [0x00000000e0000000, 0x00000000ef880000, 0x0000000100000000)
  eden space 203264K, 9% used [0x00000000e0000000,0x00000000e1395110,0x00000000ec680000)
  from space 24064K, 0% used [0x00000000ec680000,0x00000000ec680000,0x00000000ede00000)
  to   space 17408K, 0% used [0x00000000ede00000,0x00000000ede00000,0x00000000eef00000)
 ParOldGen       total 145408K, used 36278K [0x00000000a0000000, 0x00000000a8e00000, 0x00000000e0000000)
  object space 145408K, 24% used [0x00000000a0000000,0x00000000a236da78,0x00000000a8e00000)
 Metaspace       used 59712K, capacity 61957K, committed 62208K, reserved 1101824K
  class space    used 8325K, capacity 8859K, committed 8960K, reserved 1048576K
GC Heap History (10 events):
Event: 4.969 GC heap before
{Heap before GC invocations=10 (full 2):
 PSYoungGen      total 178688K, used 8678K [0x00000000e0000000, 0x00000000ebc80000, 0x0000000100000000)
  eden space 165888K, 0% used [0x00000000e0000000,0x00000000e0000000,0x00000000ea200000)
  from space 12800K, 67% used [0x00000000eae80000,0x00000000eb6f9940,0x00000000ebb00000)
  to   space 12800K, 0% used [0x00000000ea200000,0x00000000ea200000,0x00000000eae80000)
 ParOldGen       total 66560K, used 7563K [0x00000000a0000000, 0x00000000a4100000, 0x00000000e0000000)
  object space 66560K, 11% used [0x00000000a0000000,0x00000000a0762da8,0x00000000a4100000)
 Metaspace       used 34496K, capacity 35459K, committed 35496K, reserved 1079296K
  class space    used 4845K, capacity 5091K, committed 5120K, reserved 1048576K
Event: 5.115 GC heap after
Heap after GC invocations=10 (full 2):
 PSYoungGen      total 178688K, used 0K [0x00000000e0000000, 0x00000000ebc80000, 0x0000000100000000)
  eden space 165888K, 0% used [0x00000000e0000000,0x00000000e0000000,0x00000000ea200000)
  from space 12800K, 0% used [0x00000000eae80000,0x00000000eae80000,0x00000000ebb00000)
  to   space 12800K, 0% used [0x00000000ea200000,0x00000000ea200000,0x00000000eae80000)
 ParOldGen       total 101888K, used 15280K [0x00000000a0000000, 0x00000000a6380000, 0x00000000e0000000)
  object space 101888K, 14% used [0x00000000a0000000,0x00000000a0eec3c8,0x00000000a6380000)
 Metaspace       used 34496K, capacity 35459K, committed 35496K, reserved 1079296K
  class space    used 4845K, capacity 5091K, committed 5120K, reserved 1048576K
}
Event: 7.683 GC heap before
{Heap before GC invocations=11 (full 2):
 PSYoungGen      total 178688K, used 165888K [0x00000000e0000000, 0x00000000ebc80000, 0x0000000100000000)
  eden space 165888K, 100% used [0x00000000e0000000,0x00000000ea200000,0x00000000ea200000)
  from space 12800K, 0% used [0x00000000eae80000,0x00000000eae80000,0x00000000ebb00000)
  to   space 12800K, 0% used [0x00000000ea200000,0x00000000ea200000,0x00000000eae80000)
 ParOldGen       total 101888K, used 15280K [0x00000000a0000000, 0x00000000a6380000, 0x00000000e0000000)
  object space 101888K, 14% used [0x00000000a0000000,0x00000000a0eec3c8,0x00000000a6380000)
 Metaspace       used 49298K, capacity 50907K, committed 51200K, reserved 1093632K
  class space    used 6751K, capacity 7158K, committed 7168K, reserved 1048576K
Event: 7.698 GC heap after
Heap after GC invocations=11 (full 2):
 PSYoungGen      total 178688K, used 12796K [0x00000000e0000000, 0x00000000eef00000, 0x0000000100000000)
  eden space 165888K, 0% used [0x00000000e0000000,0x00000000e0000000,0x00000000ea200000)
  from space 12800K, 99% used [0x00000000ea200000,0x00000000eae7f018,0x00000000eae80000)
  to   space 17408K, 0% used [0x00000000ede00000,0x00000000ede00000,0x00000000eef00000)
 ParOldGen       total 101888K, used 22932K [0x00000000a0000000, 0x00000000a6380000, 0x00000000e0000000)
  object space 101888K, 22% used [0x00000000a0000000,0x00000000a1665070,0x00000000a6380000)
 Metaspace       used 49298K, capacity 50907K, committed 51200K, reserved 1093632K
  class space    used 6751K, capacity 7158K, committed 7168K, reserved 1048576K
}
Event: 9.964 GC heap before
{Heap before GC invocations=12 (full 2):
 PSYoungGen      total 178688K, used 178684K [0x00000000e0000000, 0x00000000eef00000, 0x0000000100000000)
  eden space 165888K, 100% used [0x00000000e0000000,0x00000000ea200000,0x00000000ea200000)
  from space 12800K, 99% used [0x00000000ea200000,0x00000000eae7f018,0x00000000eae80000)
  to   space 17408K, 0% used [0x00000000ede00000,0x00000000ede00000,0x00000000eef00000)
 ParOldGen       total 101888K, used 22932K [0x00000000a0000000, 0x00000000a6380000, 0x00000000e0000000)
  object space 101888K, 22% used [0x00000000a0000000,0x00000000a1665070,0x00000000a6380000)
 Metaspace       used 56699K, capacity 59017K, committed 59160K, reserved 1099776K
  class space    used 7916K, capacity 8483K, committed 8576K, reserved 1048576K
Event: 9.998 GC heap after
Heap after GC invocations=12 (full 2):
 PSYoungGen      total 220672K, used 17404K [0x00000000e0000000, 0x00000000ef880000, 0x0000000100000000)
  eden space 203264K, 0% used [0x00000000e0000000,0x00000000e0000000,0x00000000ec680000)
  from space 17408K, 99% used [0x00000000ede00000,0x00000000eeeff320,0x00000000eef00000)
  to   space 24064K, 0% used [0x00000000ec680000,0x00000000ec680000,0x00000000ede00000)
 ParOldGen       total 101888K, used 34806K [0x00000000a0000000, 0x00000000a6380000, 0x00000000e0000000)
  object space 101888K, 34% used [0x00000000a0000000,0x00000000a21fdbf0,0x00000000a6380000)
 Metaspace       used 56699K, capacity 59017K, committed 59160K, reserved 1099776K
  class space    used 7916K, capacity 8483K, committed 8576K, reserved 1048576K
}
Event: 10.015 GC heap before
{Heap before GC invocations=13 (full 2):
 PSYoungGen      total 220672K, used 21377K [0x00000000e0000000, 0x00000000ef880000, 0x0000000100000000)
  eden space 203264K, 1% used [0x00000000e0000000,0x00000000e03e12a0,0x00000000ec680000)
  from space 17408K, 99% used [0x00000000ede00000,0x00000000eeeff320,0x00000000eef00000)
  to   space 24064K, 0% used [0x00000000ec680000,0x00000000ec680000,0x00000000ede00000)
 ParOldGen       total 101888K, used 34806K [0x00000000a0000000, 0x00000000a6380000, 0x00000000e0000000)
  object space 101888K, 34% used [0x00000000a0000000,0x00000000a21fdbf0,0x00000000a6380000)
 Metaspace       used 56745K, capacity 59049K, committed 59160K, reserved 1099776K
  class space    used 7922K, capacity 8515K, committed 8576K, reserved 1048576K
Event: 10.036 GC heap after
Heap after GC invocations=13 (full 2):
 PSYoungGen      total 227328K, used 288K [0x00000000e0000000, 0x00000000ef880000, 0x0000000100000000)
  eden space 203264K, 0% used [0x00000000e0000000,0x00000000e0000000,0x00000000ec680000)
  from space 24064K, 1% used [0x00000000ec680000,0x00000000ec6c8000,0x00000000ede00000)
  to   space 17408K, 0% used [0x00000000ede00000,0x00000000ede00000,0x00000000eef00000)
 ParOldGen       total 101888K, used 52224K [0x00000000a0000000, 0x00000000a6380000, 0x00000000e0000000)
  object space 101888K, 51% used [0x00000000a0000000,0x00000000a3300368,0x00000000a6380000)
 Metaspace       used 56745K, capacity 59049K, committed 59160K, reserved 1099776K
  class space    used 7922K, capacity 8515K, committed 8576K, reserved 1048576K
}
Event: 10.036 GC heap before
{Heap before GC invocations=14 (full 3):
 PSYoungGen      total 227328K, used 288K [0x00000000e0000000, 0x00000000ef880000, 0x0000000100000000)
  eden space 203264K, 0% used [0x00000000e0000000,0x00000000e0000000,0x00000000ec680000)
  from space 24064K, 1% used [0x00000000ec680000,0x00000000ec6c8000,0x00000000ede00000)
  to   space 17408K, 0% used [0x00000000ede00000,0x00000000ede00000,0x00000000eef00000)
 ParOldGen       total 101888K, used 52224K [0x00000000a0000000, 0x00000000a6380000, 0x00000000e0000000)
  object space 101888K, 51% used [0x00000000a0000000,0x00000000a3300368,0x00000000a6380000)
 Metaspace       used 56745K, capacity 59049K, committed 59160K, reserved 1099776K
  class space    used 7922K, capacity 8515K, committed 8576K, reserved 1048576K
Event: 10.326 GC heap after
Heap after GC invocations=14 (full 3):
 PSYoungGen      total 227328K, used 0K [0x00000000e0000000, 0x00000000ef880000, 0x0000000100000000)
  eden space 203264K, 0% used [0x00000000e0000000,0x00000000e0000000,0x00000000ec680000)
  from space 24064K, 0% used [0x00000000ec680000,0x00000000ec680000,0x00000000ede00000)
  to   space 17408K, 0% used [0x00000000ede00000,0x00000000ede00000,0x00000000eef00000)
 ParOldGen       total 145408K, used 36278K [0x00000000a0000000, 0x00000000a8e00000, 0x00000000e0000000)
  object space 145408K, 24% used [0x00000000a0000000,0x00000000a236da78,0x00000000a8e00000)
 Metaspace       used 56716K, capacity 58953K, committed 59160K, reserved 1099776K
  class space    used 7914K, capacity 8499K, committed 8576K, reserved 1048576K
}

