# JRE version: Java(TM) SE Runtime Environment (8.0_301-b09) (build 1.8.0_301-b09)
# Java VM: Java HotSpot(TM) 64-Bit Server VM (25.301-b09 mixed mode windows-amd64 compressed oops)
Heap:
 PSYoungGen      total 367104K, used 74906K [0x00000000e0000000, 0x00000000fee80000, 0x0000000100000000)
  eden space 227840K, 5% used [0x00000000e0000000,0x00000000e0cbad18,0x00000000ede80000)
  from space 139264K, 44% used [0x00000000ede80000,0x00000000f1aebbd0,0x00000000f6680000)
  to   space 129024K, 0% used [0x00000000f7080000,0x00000000f7080000,0x00000000fee80000)
 ParOldGen       total 428032K, used 300905K [0x00000000a0000000, 0x00000000ba200000, 0x00000000e0000000)
  object space 428032K, 70% used [0x00000000a0000000,0x00000000b25da440,0x00000000ba200000)
 Metaspace       used 105007K, capacity 110022K, committed 110336K, reserved 1144832K
  class space    used 13689K, capacity 14745K, committed 14848K, reserved 1048576K
GC Heap History (10 events):
Event: 928.039 GC heap before
{Heap before GC invocations=36 (full 5):
 PSYoungGen      total 331776K, used 330302K [0x00000000e0000000, 0x0000000100000000, 0x0000000100000000)
  eden space 198656K, 100% used [0x00000000e0000000,0x00000000ec200000,0x00000000ec200000)
  from space 133120K, 98% used [0x00000000f7e00000,0x00000000ffe8fa18,0x0000000100000000)
  to   space 162816K, 0% used [0x00000000ec200000,0x00000000ec200000,0x00000000f6100000)
 ParOldGen       total 428032K, used 279678K [0x00000000a0000000, 0x00000000ba200000, 0x00000000e0000000)
  object space 428032K, 65% used [0x00000000a0000000,0x00000000b111f9f0,0x00000000ba200000)
 Metaspace       used 104885K, capacity 109844K, committed 110080K, reserved 1144832K
  class space    used 13685K, capacity 14742K, committed 14848K, reserved 1048576K
Event: 928.136 GC heap after
Heap after GC invocations=36 (full 5):
 PSYoungGen      total 361472K, used 72535K [0x00000000e0000000, 0x0000000100000000, 0x0000000100000000)
  eden space 198656K, 0% used [0x00000000e0000000,0x00000000e0000000,0x00000000ec200000)
  from space 162816K, 44% used [0x00000000ec200000,0x00000000f08d5ef0,0x00000000f6100000)
  to   space 155648K, 0% used [0x00000000f6800000,0x00000000f6800000,0x0000000100000000)
 ParOldGen       total 428032K, used 279686K [0x00000000a0000000, 0x00000000ba200000, 0x00000000e0000000)
  object space 428032K, 65% used [0x00000000a0000000,0x00000000b11219f0,0x00000000ba200000)
 Metaspace       used 104885K, capacity 109844K, committed 110080K, reserved 1144832K
  class space    used 13685K, capacity 14742K, committed 14848K, reserved 1048576K
}
Event: 928.920 GC heap before
{Heap before GC invocations=37 (full 5):
 PSYoungGen      total 361472K, used 271191K [0x00000000e0000000, 0x0000000100000000, 0x0000000100000000)
  eden space 198656K, 100% used [0x00000000e0000000,0x00000000ec200000,0x00000000ec200000)
  from space 162816K, 44% used [0x00000000ec200000,0x00000000f08d5ef0,0x00000000f6100000)
  to   space 155648K, 0% used [0x00000000f6800000,0x00000000f6800000,0x0000000100000000)
 ParOldGen       total 428032K, used 279686K [0x00000000a0000000, 0x00000000ba200000, 0x00000000e0000000)
  object space 428032K, 65% used [0x00000000a0000000,0x00000000b11219f0,0x00000000ba200000)
 Metaspace       used 104954K, capacity 109934K, committed 110080K, reserved 1144832K
  class space    used 13688K, capacity 14745K, committed 14848K, reserved 1048576K
Event: 929.015 GC heap after
Heap after GC invocations=37 (full 5):
 PSYoungGen      total 346112K, used 78353K [0x00000000e0000000, 0x00000000ff100000, 0x0000000100000000)
  eden space 205824K, 0% used [0x00000000e0000000,0x00000000e0000000,0x00000000ec900000)
  from space 140288K, 55% used [0x00000000f6800000,0x00000000fb484608,0x00000000ff100000)
  to   space 151552K, 0% used [0x00000000ec900000,0x00000000ec900000,0x00000000f5d00000)
 ParOldGen       total 428032K, used 279694K [0x00000000a0000000, 0x00000000ba200000, 0x00000000e0000000)
  object space 428032K, 65% used [0x00000000a0000000,0x00000000b11239f0,0x00000000ba200000)
 Metaspace       used 104954K, capacity 109934K, committed 110080K, reserved 1144832K
  class space    used 13688K, capacity 14745K, committed 14848K, reserved 1048576K
}
Event: 929.530 GC heap before
{Heap before GC invocations=38 (full 5):
 PSYoungGen      total 346112K, used 284177K [0x00000000e0000000, 0x00000000ff100000, 0x0000000100000000)
  eden space 205824K, 100% used [0x00000000e0000000,0x00000000ec900000,0x00000000ec900000)
  from space 140288K, 55% used [0x00000000f6800000,0x00000000fb484608,0x00000000ff100000)
  to   space 151552K, 0% used [0x00000000ec900000,0x00000000ec900000,0x00000000f5d00000)
 ParOldGen       total 428032K, used 279694K [0x00000000a0000000, 0x00000000ba200000, 0x00000000e0000000)
  object space 428032K, 65% used [0x00000000a0000000,0x00000000b11239f0,0x00000000ba200000)
 Metaspace       used 104974K, capacity 110002K, committed 110336K, reserved 1144832K
  class space    used 13688K, capacity 14745K, committed 14848K, reserved 1048576K
Event: 929.633 GC heap after
Heap after GC invocations=38 (full 5):
 PSYoungGen      total 357376K, used 72035K [0x00000000e0000000, 0x00000000ffe00000, 0x0000000100000000)
  eden space 205824K, 0% used [0x00000000e0000000,0x00000000e0000000,0x00000000ec900000)
  from space 151552K, 47% used [0x00000000ec900000,0x00000000f0f58cb8,0x00000000f5d00000)
  to   space 144896K, 0% used [0x00000000f7080000,0x00000000f7080000,0x00000000ffe00000)
 ParOldGen       total 428032K, used 281602K [0x00000000a0000000, 0x00000000ba200000, 0x00000000e0000000)
  object space 428032K, 65% used [0x00000000a0000000,0x00000000b1300a10,0x00000000ba200000)
 Metaspace       used 104974K, capacity 110002K, committed 110336K, reserved 1144832K
  class space    used 13688K, capacity 14745K, committed 14848K, reserved 1048576K
}
Event: 930.229 GC heap before
{Heap before GC invocations=39 (full 5):
 PSYoungGen      total 357376K, used 277859K [0x00000000e0000000, 0x00000000ffe00000, 0x0000000100000000)
  eden space 205824K, 100% used [0x00000000e0000000,0x00000000ec900000,0x00000000ec900000)
  from space 151552K, 47% used [0x00000000ec900000,0x00000000f0f58cb8,0x00000000f5d00000)
  to   space 144896K, 0% used [0x00000000f7080000,0x00000000f7080000,0x00000000ffe00000)
 ParOldGen       total 428032K, used 281602K [0x00000000a0000000, 0x00000000ba200000, 0x00000000e0000000)
  object space 428032K, 65% used [0x00000000a0000000,0x00000000b1300a10,0x00000000ba200000)
 Metaspace       used 104992K, capacity 110018K, committed 110336K, reserved 1144832K
  class space    used 13688K, capacity 14745K, committed 14848K, reserved 1048576K
Event: 930.380 GC heap after
Heap after GC invocations=39 (full 5):
 PSYoungGen      total 356864K, used 73312K [0x00000000e0000000, 0x00000000fee80000, 0x0000000100000000)
  eden space 227840K, 0% used [0x00000000e0000000,0x00000000e0000000,0x00000000ede80000)
  from space 129024K, 56% used [0x00000000f7080000,0x00000000fb818228,0x00000000fee80000)
  to   space 139264K, 0% used [0x00000000ede80000,0x00000000ede80000,0x00000000f6680000)
 ParOldGen       total 428032K, used 285895K [0x00000000a0000000, 0x00000000ba200000, 0x00000000e0000000)
  object space 428032K, 66% used [0x00000000a0000000,0x00000000b1731ed8,0x00000000ba200000)
 Metaspace       used 104992K, capacity 110018K, committed 110336K, reserved 1144832K
  class space    used 13688K, capacity 14745K, committed 14848K, reserved 1048576K
}
Event: 930.878 GC heap before
{Heap before GC invocations=40 (full 5):
 PSYoungGen      total 356864K, used 301152K [0x00000000e0000000, 0x00000000fee80000, 0x0000000100000000)
  eden space 227840K, 100% used [0x00000000e0000000,0x00000000ede80000,0x00000000ede80000)
  from space 129024K, 56% used [0x00000000f7080000,0x00000000fb818228,0x00000000fee80000)
  to   space 139264K, 0% used [0x00000000ede80000,0x00000000ede80000,0x00000000f6680000)
 ParOldGen       total 428032K, used 285895K [0x00000000a0000000, 0x00000000ba200000, 0x00000000e0000000)
  object space 428032K, 66% used [0x00000000a0000000,0x00000000b1731ed8,0x00000000ba200000)
 Metaspace       used 105007K, capacity 110022K, committed 110336K, reserved 1144832K
  class space    used 13689K, capacity 14745K, committed 14848K, reserved 1048576K
Event: 931.072 GC heap after
Heap after GC invocations=40 (full 5):
 PSYoungGen      total 367104K, used 61870K [0x00000000e0000000, 0x00000000fee80000, 0x0000000100000000)
  eden space 227840K, 0% used [0x00000000e0000000,0x00000000e0000000,0x00000000ede80000)
  from space 139264K, 44% used [0x00000000ede80000,0x00000000f1aebbd0,0x00000000f6680000)
  to   space 129024K, 0% used [0x00000000f7080000,0x00000000f7080000,0x00000000fee80000)
 ParOldGen       total 428032K, used 300905K [0x00000000a0000000, 0x00000000ba200000, 0x00000000e0000000)
  object space 428032K, 70% used [0x00000000a0000000,0x00000000b25da440,0x00000000ba200000)
 Metaspace       used 105007K, capacity 110022K, committed 110336K, reserved 1144832K
  class space    used 13689K, capacity 14745K, committed 14848K, reserved 1048576K
}

