# JRE version: Java(TM) SE Runtime Environment (8.0_301-b09) (build 1.8.0_301-b09)
# Java VM: Java HotSpot(TM) 64-Bit Server VM (25.301-b09 mixed mode windows-amd64 compressed oops)
Heap:
 PSYoungGen      total 388096K, used 65158K [0x00000000e0000000, 0x00000000ff780000, 0x0000000100000000)
  eden space 260608K, 21% used [0x00000000e0000000,0x00000000e37cc4f0,0x00000000efe80000)
  from space 127488K, 6% used [0x00000000efe80000,0x00000000f06554f8,0x00000000f7b00000)
  to   space 122368K, 0% used [0x00000000f8000000,0x00000000f8000000,0x00000000ff780000)
 ParOldGen       total 563712K, used 258011K [0x00000000a0000000, 0x00000000c2680000, 0x00000000e0000000)
  object space 563712K, 45% used [0x00000000a0000000,0x00000000afbf6f08,0x00000000c2680000)
 Metaspace       used 115381K, capacity 121632K, committed 123776K, reserved 1157120K
  class space    used 14672K, capacity 15831K, committed 16256K, reserved 1048576K
GC Heap History (10 events):
Event: 6712.113 GC heap before
{Heap before GC invocations=82 (full 7):
 PSYoungGen      total 386048K, used 38710K [0x00000000e0000000, 0x0000000100000000, 0x0000000100000000)
  eden space 247808K, 0% used [0x00000000e0000000,0x00000000e0000000,0x00000000ef200000)
  from space 138240K, 28% used [0x00000000ef200000,0x00000000f17cdaa8,0x00000000f7900000)
  to   space 132608K, 0% used [0x00000000f7e80000,0x00000000f7e80000,0x0000000100000000)
 ParOldGen       total 445952K, used 407748K [0x00000000a0000000, 0x00000000bb380000, 0x00000000e0000000)
  object space 445952K, 91% used [0x00000000a0000000,0x00000000b8e313a0,0x00000000bb380000)
 Metaspace       used 117047K, capacity 123512K, committed 123776K, reserved 1157120K
  class space    used 14856K, capacity 16093K, committed 16256K, reserved 1048576K
Event: 6712.885 GC heap after
Heap after GC invocations=82 (full 7):
 PSYoungGen      total 386048K, used 0K [0x00000000e0000000, 0x0000000100000000, 0x0000000100000000)
  eden space 247808K, 0% used [0x00000000e0000000,0x00000000e0000000,0x00000000ef200000)
  from space 138240K, 0% used [0x00000000ef200000,0x00000000ef200000,0x00000000f7900000)
  to   space 132608K, 0% used [0x00000000f7e80000,0x00000000f7e80000,0x0000000100000000)
 ParOldGen       total 563712K, used 231535K [0x00000000a0000000, 0x00000000c2680000, 0x00000000e0000000)
  object space 563712K, 41% used [0x00000000a0000000,0x00000000ae21bd98,0x00000000c2680000)
 Metaspace       used 115319K, capacity 121568K, committed 123776K, reserved 1157120K
  class space    used 14671K, capacity 15831K, committed 16256K, reserved 1048576K
}
Event: 6713.251 GC heap before
{Heap before GC invocations=83 (full 7):
 PSYoungGen      total 386048K, used 247808K [0x00000000e0000000, 0x0000000100000000, 0x0000000100000000)
  eden space 247808K, 100% used [0x00000000e0000000,0x00000000ef200000,0x00000000ef200000)
  from space 138240K, 0% used [0x00000000ef200000,0x00000000ef200000,0x00000000f7900000)
  to   space 132608K, 0% used [0x00000000f7e80000,0x00000000f7e80000,0x0000000100000000)
 ParOldGen       total 563712K, used 231535K [0x00000000a0000000, 0x00000000c2680000, 0x00000000e0000000)
  object space 563712K, 41% used [0x00000000a0000000,0x00000000ae21bd98,0x00000000c2680000)
 Metaspace       used 115327K, capacity 121568K, committed 123776K, reserved 1157120K
  class space    used 14671K, capacity 15831K, committed 16256K, reserved 1048576K
Event: 6713.269 GC heap after
Heap after GC invocations=83 (full 7):
 PSYoungGen      total 380416K, used 7427K [0x00000000e0000000, 0x00000000ffa80000, 0x0000000100000000)
  eden space 253440K, 0% used [0x00000000e0000000,0x00000000e0000000,0x00000000ef780000)
  from space 126976K, 5% used [0x00000000f7e80000,0x00000000f85c0ea0,0x00000000ffa80000)
  to   space 132608K, 0% used [0x00000000ef780000,0x00000000ef780000,0x00000000f7900000)
 ParOldGen       total 563712K, used 231535K [0x00000000a0000000, 0x00000000c2680000, 0x00000000e0000000)
  object space 563712K, 41% used [0x00000000a0000000,0x00000000ae21bd98,0x00000000c2680000)
 Metaspace       used 115327K, capacity 121568K, committed 123776K, reserved 1157120K
  class space    used 14671K, capacity 15831K, committed 16256K, reserved 1048576K
}
Event: 6713.597 GC heap before
{Heap before GC invocations=84 (full 7):
 PSYoungGen      total 380416K, used 260867K [0x00000000e0000000, 0x00000000ffa80000, 0x0000000100000000)
  eden space 253440K, 100% used [0x00000000e0000000,0x00000000ef780000,0x00000000ef780000)
  from space 126976K, 5% used [0x00000000f7e80000,0x00000000f85c0ea0,0x00000000ffa80000)
  to   space 132608K, 0% used [0x00000000ef780000,0x00000000ef780000,0x00000000f7900000)
 ParOldGen       total 563712K, used 231535K [0x00000000a0000000, 0x00000000c2680000, 0x00000000e0000000)
  object space 563712K, 41% used [0x00000000a0000000,0x00000000ae21bd98,0x00000000c2680000)
 Metaspace       used 115328K, capacity 121568K, committed 123776K, reserved 1157120K
  class space    used 14671K, capacity 15831K, committed 16256K, reserved 1048576K
Event: 6713.615 GC heap after
Heap after GC invocations=84 (full 7):
 PSYoungGen      total 386048K, used 8352K [0x00000000e0000000, 0x0000000100000000, 0x0000000100000000)
  eden space 253440K, 0% used [0x00000000e0000000,0x00000000e0000000,0x00000000ef780000)
  from space 132608K, 6% used [0x00000000ef780000,0x00000000effa8090,0x00000000f7900000)
  to   space 131072K, 0% used [0x00000000f8000000,0x00000000f8000000,0x0000000100000000)
 ParOldGen       total 563712K, used 238279K [0x00000000a0000000, 0x00000000c2680000, 0x00000000e0000000)
  object space 563712K, 42% used [0x00000000a0000000,0x00000000ae8b1c18,0x00000000c2680000)
 Metaspace       used 115328K, capacity 121568K, committed 123776K, reserved 1157120K
  class space    used 14671K, capacity 15831K, committed 16256K, reserved 1048576K
}
Event: 6714.013 GC heap before
{Heap before GC invocations=85 (full 7):
 PSYoungGen      total 386048K, used 261792K [0x00000000e0000000, 0x0000000100000000, 0x0000000100000000)
  eden space 253440K, 100% used [0x00000000e0000000,0x00000000ef780000,0x00000000ef780000)
  from space 132608K, 6% used [0x00000000ef780000,0x00000000effa8090,0x00000000f7900000)
  to   space 131072K, 0% used [0x00000000f8000000,0x00000000f8000000,0x0000000100000000)
 ParOldGen       total 563712K, used 238279K [0x00000000a0000000, 0x00000000c2680000, 0x00000000e0000000)
  object space 563712K, 42% used [0x00000000a0000000,0x00000000ae8b1c18,0x00000000c2680000)
 Metaspace       used 115346K, capacity 121568K, committed 123776K, reserved 1157120K
  class space    used 14672K, capacity 15831K, committed 16256K, reserved 1048576K
Event: 6714.041 GC heap after
Heap after GC invocations=85 (full 7):
 PSYoungGen      total 382976K, used 14912K [0x00000000e0000000, 0x00000000ff780000, 0x0000000100000000)
  eden space 260608K, 0% used [0x00000000e0000000,0x00000000e0000000,0x00000000efe80000)
  from space 122368K, 12% used [0x00000000f8000000,0x00000000f8e900f0,0x00000000ff780000)
  to   space 127488K, 0% used [0x00000000efe80000,0x00000000efe80000,0x00000000f7b00000)
 ParOldGen       total 563712K, used 243979K [0x00000000a0000000, 0x00000000c2680000, 0x00000000e0000000)
  object space 563712K, 43% used [0x00000000a0000000,0x00000000aee42d18,0x00000000c2680000)
 Metaspace       used 115346K, capacity 121568K, committed 123776K, reserved 1157120K
  class space    used 14672K, capacity 15831K, committed 16256K, reserved 1048576K
}
Event: 6715.302 GC heap before
{Heap before GC invocations=86 (full 7):
 PSYoungGen      total 382976K, used 275520K [0x00000000e0000000, 0x00000000ff780000, 0x0000000100000000)
  eden space 260608K, 100% used [0x00000000e0000000,0x00000000efe80000,0x00000000efe80000)
  from space 122368K, 12% used [0x00000000f8000000,0x00000000f8e900f0,0x00000000ff780000)
  to   space 127488K, 0% used [0x00000000efe80000,0x00000000efe80000,0x00000000f7b00000)
 ParOldGen       total 563712K, used 243979K [0x00000000a0000000, 0x00000000c2680000, 0x00000000e0000000)
  object space 563712K, 43% used [0x00000000a0000000,0x00000000aee42d18,0x00000000c2680000)
 Metaspace       used 115381K, capacity 121632K, committed 123776K, reserved 1157120K
  class space    used 14672K, capacity 15831K, committed 16256K, reserved 1048576K
Event: 6715.327 GC heap after
Heap after GC invocations=86 (full 7):
 PSYoungGen      total 388096K, used 8021K [0x00000000e0000000, 0x00000000ff780000, 0x0000000100000000)
  eden space 260608K, 0% used [0x00000000e0000000,0x00000000e0000000,0x00000000efe80000)
  from space 127488K, 6% used [0x00000000efe80000,0x00000000f06554f8,0x00000000f7b00000)
  to   space 122368K, 0% used [0x00000000f8000000,0x00000000f8000000,0x00000000ff780000)
 ParOldGen       total 563712K, used 258011K [0x00000000a0000000, 0x00000000c2680000, 0x00000000e0000000)
  object space 563712K, 45% used [0x00000000a0000000,0x00000000afbf6f08,0x00000000c2680000)
 Metaspace       used 115381K, capacity 121632K, committed 123776K, reserved 1157120K
  class space    used 14672K, capacity 15831K, committed 16256K, reserved 1048576K
}

